# JRE version: OpenJDK Runtime Environment Temurin-17.0.4.1+1 (17.0.4.1+1) (build 17.0.4.1+1)
# Java VM: OpenJDK 64-Bit Server VM Temurin-17.0.4.1+1 (17.0.4.1+1, mixed mode, emulated-client, tiered, compressed oops, compressed class ptrs, serial gc, linux-amd64)
GC Precious Log:
 CPUs: 2 total, 2 available
 Memory: 1436M
 Large Page Support: Disabled
 NUMA Support: Disabled
 Compressed Oops: Enabled (32-bit)
 Heap Min Capacity: 8M
 Heap Initial Capacity: 24M
 Heap Max Capacity: 360M
 Pre-touch: Disabled
Heap:
 def new generation   total 70848K, used 5890K [0x00000000e9800000, 0x00000000ee4e0000, 0x00000000f1000000)
  eden space 62976K,   9% used [0x00000000e9800000, 0x00000000e9dc0988, 0x00000000ed580000)
  from space 7872K,   0% used [0x00000000ed580000, 0x00000000ed580000, 0x00000000edd30000)
  to   space 7872K,   0% used [0x00000000edd30000, 0x00000000edd30000, 0x00000000ee4e0000)
 tenured generation   total 158640K, used 158639K [0x00000000f1000000, 0x00000000faaec000, 0x0000000100000000)
   the space 158640K,  99% used [0x00000000f1000000, 0x00000000faaebff8, 0x00000000faaec000, 0x00000000faaec000)
 Metaspace       used 42396K, committed 42752K, reserved 1089536K
  class space    used 5300K, committed 5440K, reserved 1048576K
GC Heap History (20 events):
Event: 61.883 GC heap after
{Heap after GC invocations=71 (full 5):
 def new generation   total 70848K, used 5098K [0x00000000e9800000, 0x00000000ee4e0000, 0x00000000f1000000)
  eden space 62976K,   0% used [0x00000000e9800000, 0x00000000e9800000, 0x00000000ed580000)
  from space 7872K,  64% used [0x00000000edd30000, 0x00000000ee22aac0, 0x00000000ee4e0000)
  to   space 7872K,   0% used [0x00000000ed580000, 0x00000000ed580000, 0x00000000edd30000)
 tenured generation   total 157296K, used 132094K [0x00000000f1000000, 0x00000000fa99c000, 0x0000000100000000)
   the space 157296K,  83% used [0x00000000f1000000, 0x00000000f90ff840, 0x00000000f90ffa00, 0x00000000fa99c000)
 Metaspace       used 40864K, committed 41152K, reserved 1089536K
  class space    used 5097K, committed 5248K, reserved 1048576K
}
Event: 62.689 GC heap before
{Heap before GC invocations=71 (full 5):
 def new generation   total 70848K, used 68074K [0x00000000e9800000, 0x00000000ee4e0000, 0x00000000f1000000)
  eden space 62976K, 100% used [0x00000000e9800000, 0x00000000ed580000, 0x00000000ed580000)
  from space 7872K,  64% used [0x00000000edd30000, 0x00000000ee22aac0, 0x00000000ee4e0000)
  to   space 7872K,   0% used [0x00000000ed580000, 0x00000000ed580000, 0x00000000edd30000)
 tenured generation   total 157296K, used 132094K [0x00000000f1000000, 0x00000000fa99c000, 0x0000000100000000)
   the space 157296K,  83% used [0x00000000f1000000, 0x00000000f90ff840, 0x00000000f90ffa00, 0x00000000fa99c000)
 Metaspace       used 41119K, committed 41472K, reserved 1089536K
  class space    used 5129K, committed 5312K, reserved 1048576K
}
Event: 62.996 GC heap after
{Heap after GC invocations=72 (full 5):
 def new generation   total 70848K, used 6450K [0x00000000e9800000, 0x00000000ee4e0000, 0x00000000f1000000)
  eden space 62976K,   0% used [0x00000000e9800000, 0x00000000e9800000, 0x00000000ed580000)
  from space 7872K,  81% used [0x00000000ed580000, 0x00000000edbccb40, 0x00000000edd30000)
  to   space 7872K,   0% used [0x00000000edd30000, 0x00000000edd30000, 0x00000000ee4e0000)
 tenured generation   total 157296K, used 134593K [0x00000000f1000000, 0x00000000fa99c000, 0x0000000100000000)
   the space 157296K,  85% used [0x00000000f1000000, 0x00000000f9370678, 0x00000000f9370800, 0x00000000fa99c000)
 Metaspace       used 41119K, committed 41472K, reserved 1089536K
  class space    used 5129K, committed 5312K, reserved 1048576K
}
Event: 63.902 GC heap before
{Heap before GC invocations=72 (full 5):
 def new generation   total 70848K, used 69426K [0x00000000e9800000, 0x00000000ee4e0000, 0x00000000f1000000)
  eden space 62976K, 100% used [0x00000000e9800000, 0x00000000ed580000, 0x00000000ed580000)
  from space 7872K,  81% used [0x00000000ed580000, 0x00000000edbccb40, 0x00000000edd30000)
  to   space 7872K,   0% used [0x00000000edd30000, 0x00000000edd30000, 0x00000000ee4e0000)
 tenured generation   total 157296K, used 134593K [0x00000000f1000000, 0x00000000fa99c000, 0x0000000100000000)
   the space 157296K,  85% used [0x00000000f1000000, 0x00000000f9370678, 0x00000000f9370800, 0x00000000fa99c000)
 Metaspace       used 41337K, committed 41664K, reserved 1089536K
  class space    used 5156K, committed 5312K, reserved 1048576K
}
Event: 64.071 GC heap after
{Heap after GC invocations=73 (full 5):
 def new generation   total 70848K, used 2881K [0x00000000e9800000, 0x00000000ee4e0000, 0x00000000f1000000)
  eden space 62976K,   0% used [0x00000000e9800000, 0x00000000e9800000, 0x00000000ed580000)
  from space 7872K,  36% used [0x00000000edd30000, 0x00000000ee000498, 0x00000000ee4e0000)
  to   space 7872K,   0% used [0x00000000ed580000, 0x00000000ed580000, 0x00000000edd30000)
 tenured generation   total 157296K, used 140983K [0x00000000f1000000, 0x00000000fa99c000, 0x0000000100000000)
   the space 157296K,  89% used [0x00000000f1000000, 0x00000000f99adf58, 0x00000000f99ae000, 0x00000000fa99c000)
 Metaspace       used 41337K, committed 41664K, reserved 1089536K
  class space    used 5156K, committed 5312K, reserved 1048576K
}
Event: 64.984 GC heap before
{Heap before GC invocations=73 (full 5):
 def new generation   total 70848K, used 65857K [0x00000000e9800000, 0x00000000ee4e0000, 0x00000000f1000000)
  eden space 62976K, 100% used [0x00000000e9800000, 0x00000000ed580000, 0x00000000ed580000)
  from space 7872K,  36% used [0x00000000edd30000, 0x00000000ee000498, 0x00000000ee4e0000)
  to   space 7872K,   0% used [0x00000000ed580000, 0x00000000ed580000, 0x00000000edd30000)
 tenured generation   total 157296K, used 140983K [0x00000000f1000000, 0x00000000fa99c000, 0x0000000100000000)
   the space 157296K,  89% used [0x00000000f1000000, 0x00000000f99adf58, 0x00000000f99ae000, 0x00000000fa99c000)
 Metaspace       used 41602K, committed 41920K, reserved 1089536K
  class space    used 5186K, committed 5312K, reserved 1048576K
}
Event: 65.118 GC heap after
{Heap after GC invocations=74 (full 5):
 def new generation   total 70848K, used 6119K [0x00000000e9800000, 0x00000000ee4e0000, 0x00000000f1000000)
  eden space 62976K,   0% used [0x00000000e9800000, 0x00000000e9800000, 0x00000000ed580000)
  from space 7872K,  77% used [0x00000000ed580000, 0x00000000edb79ee8, 0x00000000edd30000)
  to   space 7872K,   0% used [0x00000000edd30000, 0x00000000edd30000, 0x00000000ee4e0000)
 tenured generation   total 157296K, used 140983K [0x00000000f1000000, 0x00000000fa99c000, 0x0000000100000000)
   the space 157296K,  89% used [0x00000000f1000000, 0x00000000f99adf58, 0x00000000f99ae000, 0x00000000fa99c000)
 Metaspace       used 41602K, committed 41920K, reserved 1089536K
  class space    used 5186K, committed 5312K, reserved 1048576K
}
Event: 65.830 GC heap before
{Heap before GC invocations=74 (full 5):
 def new generation   total 70848K, used 69095K [0x00000000e9800000, 0x00000000ee4e0000, 0x00000000f1000000)
  eden space 62976K, 100% used [0x00000000e9800000, 0x00000000ed580000, 0x00000000ed580000)
  from space 7872K,  77% used [0x00000000ed580000, 0x00000000edb79ee8, 0x00000000edd30000)
  to   space 7872K,   0% used [0x00000000edd30000, 0x00000000edd30000, 0x00000000ee4e0000)
 tenured generation   total 157296K, used 140983K [0x00000000f1000000, 0x00000000fa99c000, 0x0000000100000000)
   the space 157296K,  89% used [0x00000000f1000000, 0x00000000f99adf58, 0x00000000f99ae000, 0x00000000fa99c000)
 Metaspace       used 41814K, committed 42112K, reserved 1089536K
  class space    used 5219K, committed 5376K, reserved 1048576K
}
Event: 65.944 GC heap after
{Heap after GC invocations=75 (full 5):
 def new generation   total 70848K, used 6356K [0x00000000e9800000, 0x00000000ee4e0000, 0x00000000f1000000)
  eden space 62976K,   0% used [0x00000000e9800000, 0x00000000e9800000, 0x00000000ed580000)
  from space 7872K,  80% used [0x00000000edd30000, 0x00000000ee3652a0, 0x00000000ee4e0000)
  to   space 7872K,   0% used [0x00000000ed580000, 0x00000000ed580000, 0x00000000edd30000)
 tenured generation   total 157296K, used 143825K [0x00000000f1000000, 0x00000000fa99c000, 0x0000000100000000)
   the space 157296K,  91% used [0x00000000f1000000, 0x00000000f9c744c0, 0x00000000f9c74600, 0x00000000fa99c000)
 Metaspace       used 41814K, committed 42112K, reserved 1089536K
  class space    used 5219K, committed 5376K, reserved 1048576K
}
Event: 66.387 GC heap before
{Heap before GC invocations=75 (full 5):
 def new generation   total 70848K, used 69332K [0x00000000e9800000, 0x00000000ee4e0000, 0x00000000f1000000)
  eden space 62976K, 100% used [0x00000000e9800000, 0x00000000ed580000, 0x00000000ed580000)
  from space 7872K,  80% used [0x00000000edd30000, 0x00000000ee3652a0, 0x00000000ee4e0000)
  to   space 7872K,   0% used [0x00000000ed580000, 0x00000000ed580000, 0x00000000edd30000)
 tenured generation   total 157296K, used 143825K [0x00000000f1000000, 0x00000000fa99c000, 0x0000000100000000)
   the space 157296K,  91% used [0x00000000f1000000, 0x00000000f9c744c0, 0x00000000f9c74600, 0x00000000fa99c000)
 Metaspace       used 41814K, committed 42112K, reserved 1089536K
  class space    used 5219K, committed 5376K, reserved 1048576K
}
Event: 66.622 GC heap after
{Heap after GC invocations=76 (full 5):
 def new generation   total 70848K, used 6017K [0x00000000e9800000, 0x00000000ee4e0000, 0x00000000f1000000)
  eden space 62976K,   0% used [0x00000000e9800000, 0x00000000e9800000, 0x00000000ed580000)
  from space 7872K,  76% used [0x00000000ed580000, 0x00000000edb60760, 0x00000000edd30000)
  to   space 7872K,   0% used [0x00000000edd30000, 0x00000000edd30000, 0x00000000ee4e0000)
 tenured generation   total 157296K, used 147022K [0x00000000f1000000, 0x00000000fa99c000, 0x0000000100000000)
   the space 157296K,  93% used [0x00000000f1000000, 0x00000000f9f93950, 0x00000000f9f93a00, 0x00000000fa99c000)
 Metaspace       used 41814K, committed 42112K, reserved 1089536K
  class space    used 5219K, committed 5376K, reserved 1048576K
}
Event: 69.074 GC heap before
{Heap before GC invocations=76 (full 5):
 def new generation   total 70848K, used 68993K [0x00000000e9800000, 0x00000000ee4e0000, 0x00000000f1000000)
  eden space 62976K, 100% used [0x00000000e9800000, 0x00000000ed580000, 0x00000000ed580000)
  from space 7872K,  76% used [0x00000000ed580000, 0x00000000edb60760, 0x00000000edd30000)
  to   space 7872K,   0% used [0x00000000edd30000, 0x00000000edd30000, 0x00000000ee4e0000)
 tenured generation   total 157296K, used 147022K [0x00000000f1000000, 0x00000000fa99c000, 0x0000000100000000)
   the space 157296K,  93% used [0x00000000f1000000, 0x00000000f9f93950, 0x00000000f9f93a00, 0x00000000fa99c000)
 Metaspace       used 41814K, committed 42112K, reserved 1089536K
  class space    used 5219K, committed 5376K, reserved 1048576K
}
Event: 69.429 GC heap after
{Heap after GC invocations=77 (full 5):
 def new generation   total 70848K, used 5591K [0x00000000e9800000, 0x00000000ee4e0000, 0x00000000f1000000)
  eden space 62976K,   0% used [0x00000000e9800000, 0x00000000e9800000, 0x00000000ed580000)
  from space 7872K,  71% used [0x00000000edd30000, 0x00000000ee2a5e50, 0x00000000ee4e0000)
  to   space 7872K,   0% used [0x00000000ed580000, 0x00000000ed580000, 0x00000000edd30000)
 tenured generation   total 157296K, used 150132K [0x00000000f1000000, 0x00000000fa99c000, 0x0000000100000000)
   the space 157296K,  95% used [0x00000000f1000000, 0x00000000fa29d068, 0x00000000fa29d200, 0x00000000fa99c000)
 Metaspace       used 41814K, committed 42112K, reserved 1089536K
  class space    used 5219K, committed 5376K, reserved 1048576K
}
Event: 71.045 GC heap before
{Heap before GC invocations=77 (full 5):
 def new generation   total 70848K, used 68583K [0x00000000e9800000, 0x00000000ee4e0000, 0x00000000f1000000)
  eden space 62976K, 100% used [0x00000000e9800000, 0x00000000ed580000, 0x00000000ed580000)
  from space 7872K,  71% used [0x00000000edd30000, 0x00000000ee2a9e60, 0x00000000ee4e0000)
  to   space 7872K,   0% used [0x00000000ed580000, 0x00000000ed580000, 0x00000000edd30000)
 tenured generation   total 157296K, used 150132K [0x00000000f1000000, 0x00000000fa99c000, 0x0000000100000000)
   the space 157296K,  95% used [0x00000000f1000000, 0x00000000fa29d068, 0x00000000fa29d200, 0x00000000fa99c000)
 Metaspace       used 42008K, committed 42368K, reserved 1089536K
  class space    used 5251K, committed 5376K, reserved 1048576K
}
Event: 71.820 GC heap after
{Heap after GC invocations=78 (full 5):
 def new generation   total 70848K, used 5606K [0x00000000e9800000, 0x00000000ee4e0000, 0x00000000f1000000)
  eden space 62976K,   0% used [0x00000000e9800000, 0x00000000e9800000, 0x00000000ed580000)
  from space 7872K,  71% used [0x00000000ed580000, 0x00000000edaf9b68, 0x00000000edd30000)
  to   space 7872K,   0% used [0x00000000edd30000, 0x00000000edd30000, 0x00000000ee4e0000)
 tenured generation   total 157296K, used 153006K [0x00000000f1000000, 0x00000000fa99c000, 0x0000000100000000)
   the space 157296K,  97% used [0x00000000f1000000, 0x00000000fa56b8d8, 0x00000000fa56ba00, 0x00000000fa99c000)
 Metaspace       used 42008K, committed 42368K, reserved 1089536K
  class space    used 5251K, committed 5376K, reserved 1048576K
}
Event: 73.388 GC heap before
{Heap before GC invocations=78 (full 5):
 def new generation   total 70848K, used 68582K [0x00000000e9800000, 0x00000000ee4e0000, 0x00000000f1000000)
  eden space 62976K, 100% used [0x00000000e9800000, 0x00000000ed580000, 0x00000000ed580000)
  from space 7872K,  71% used [0x00000000ed580000, 0x00000000edaf9b68, 0x00000000edd30000)
  to   space 7872K,   0% used [0x00000000edd30000, 0x00000000edd30000, 0x00000000ee4e0000)
 tenured generation   total 157296K, used 153006K [0x00000000f1000000, 0x00000000fa99c000, 0x0000000100000000)
   the space 157296K,  97% used [0x00000000f1000000, 0x00000000fa56b8d8, 0x00000000fa56ba00, 0x00000000fa99c000)
 Metaspace       used 42183K, committed 42560K, reserved 1089536K
  class space    used 5280K, committed 5440K, reserved 1048576K
}
Event: 73.687 GC heap after
{Heap after GC invocations=79 (full 5):
 def new generation   total 70848K, used 5989K [0x00000000e9800000, 0x00000000ee4e0000, 0x00000000f1000000)
  eden space 62976K,   0% used [0x00000000e9800000, 0x00000000e9800000, 0x00000000ed580000)
  from space 7872K,  76% used [0x00000000edd30000, 0x00000000ee3094c8, 0x00000000ee4e0000)
  to   space 7872K,   0% used [0x00000000ed580000, 0x00000000ed580000, 0x00000000edd30000)
 tenured generation   total 157296K, used 155665K [0x00000000f1000000, 0x00000000fa99c000, 0x0000000100000000)
   the space 157296K,  98% used [0x00000000f1000000, 0x00000000fa804798, 0x00000000fa804800, 0x00000000fa99c000)
 Metaspace       used 42183K, committed 42560K, reserved 1089536K
  class space    used 5280K, committed 5440K, reserved 1048576K
}
Event: 75.508 GC heap before
{Heap before GC invocations=79 (full 5):
 def new generation   total 70848K, used 68965K [0x00000000e9800000, 0x00000000ee4e0000, 0x00000000f1000000)
  eden space 62976K, 100% used [0x00000000e9800000, 0x00000000ed580000, 0x00000000ed580000)
  from space 7872K,  76% used [0x00000000edd30000, 0x00000000ee3094c8, 0x00000000ee4e0000)
  to   space 7872K,   0% used [0x00000000ed580000, 0x00000000ed580000, 0x00000000edd30000)
 tenured generation   total 157296K, used 155665K [0x00000000f1000000, 0x00000000fa99c000, 0x0000000100000000)
   the space 157296K,  98% used [0x00000000f1000000, 0x00000000fa804798, 0x00000000fa804800, 0x00000000fa99c000)
 Metaspace       used 42396K, committed 42752K, reserved 1089536K
  class space    used 5300K, committed 5440K, reserved 1048576K
}
Event: 75.838 GC heap after
{Heap after GC invocations=80 (full 5):
 def new generation   total 70848K, used 6023K [0x00000000e9800000, 0x00000000ee4e0000, 0x00000000f1000000)
  eden space 62976K,   0% used [0x00000000e9800000, 0x00000000e9800000, 0x00000000ed580000)
  from space 7872K,  76% used [0x00000000ed580000, 0x00000000edb61df8, 0x00000000edd30000)
  to   space 7872K,   0% used [0x00000000edd30000, 0x00000000edd30000, 0x00000000ee4e0000)
 tenured generation   total 158640K, used 158506K [0x00000000f1000000, 0x00000000faaec000, 0x0000000100000000)
   the space 158640K,  99% used [0x00000000f1000000, 0x00000000faacab88, 0x00000000faacac00, 0x00000000faaec000)
 Metaspace       used 42396K, committed 42752K, reserved 1089536K
  class space    used 5300K, committed 5440K, reserved 1048576K
}
Event: 75.838 GC heap before
{Heap before GC invocations=80 (full 5):
 def new generation   total 70848K, used 6023K [0x00000000e9800000, 0x00000000ee4e0000, 0x00000000f1000000)
  eden space 62976K,   0% used [0x00000000e9800000, 0x00000000e9800000, 0x00000000ed580000)
  from space 7872K,  76% used [0x00000000ed580000, 0x00000000edb61df8, 0x00000000edd30000)
  to   space 7872K,   0% used [0x00000000edd30000, 0x00000000edd30000, 0x00000000ee4e0000)
 tenured generation   total 158640K, used 158506K [0x00000000f1000000, 0x00000000faaec000, 0x0000000100000000)
   the space 158640K,  99% used [0x00000000f1000000, 0x00000000faacab88, 0x00000000faacac00, 0x00000000faaec000)
 Metaspace       used 42396K, committed 42752K, reserved 1089536K
  class space    used 5300K, committed 5440K, reserved 1048576K
}

